<?xml version="1.0" encoding="UTF-8"?>
<!-- Generated by org.testng.reporters.JUnitReportReporter -->
<testsuite hostname="DESKTOP-OS6GNK9" failures="0" tests="2" name="Login.login" time="15.803" errors="0" timestamp="2024-08-07T22:49:07 IST" skipped="0">
  <testcase classname="Login.login" name="logo" time="3.253"/>
  <system-out/>
  <testcase classname="Login.login" name="login" time="12.550"/>
  <system-out/>
</testsuite> <!-- Login.login -->
