<?xml version="1.0" encoding="UTF-8"?>
<!-- Generated by org.testng.reporters.JUnitReportReporter -->
<testsuite hostname="DESKTOP-OS6GNK9" failures="0" tests="7" name="Login.grouping" time="0.126" errors="0" timestamp="2024-08-07T22:53:41 IST" skipped="0">
  <testcase classname="Login.grouping" name="loginByEmail" time="0.041"/>
  <system-out/>
  <testcase classname="Login.grouping" name="loginByfacebook" time="0.009"/>
  <system-out/>
  <testcase classname="Login.grouping" name="loginBytwitter" time="0.014"/>
  <system-out/>
  <testcase classname="Login.grouping" name="signupbyemail" time="0.019"/>
  <system-out/>
  <testcase classname="Login.grouping" name="signupbyfacebook" time="0.018"/>
  <system-out/>
  <testcase classname="Login.grouping" name="signupbytwitter" time="0.010"/>
  <system-out/>
  <testcase classname="Login.grouping" name="paymentbytwitter" time="0.015"/>
  <system-out/>
</testsuite> <!-- Login.grouping -->
