<?xml version="1.0" encoding="UTF-8"?>
<!-- Generated by org.testng.reporters.JUnitReportReporter -->
<testsuite hostname="DESKTOP-OS6GNK9" failures="0" tests="3" name="Login.login1" time="61.851" errors="0" timestamp="2024-08-07T22:49:07 IST" skipped="0">
  <testcase classname="Login.login1" name="login" time="43.020"/>
  <system-out/>
  <testcase classname="Login.login1" name="username" time="6.271"/>
  <system-out/>
  <testcase classname="Login.login1" name="submit" time="12.560"/>
  <system-out/>
</testsuite> <!-- Login.login1 -->
