<?xml version="1.0" encoding="UTF-8"?>
<!-- Generated by org.testng.reporters.JUnitReportReporter -->
<testsuite hostname="DESKTOP-OS6GNK9" failures="0" tests="7" name="Login.grouping" time="0.055" errors="0" timestamp="2024-08-07T22:58:51 IST" skipped="0">
  <testcase classname="Login.grouping" name="loginByEmail" time="0.037"/>
  <testcase classname="Login.grouping" name="loginByfacebook" time="0.001"/>
  <testcase classname="Login.grouping" name="loginBytwitter" time="0.001"/>
  <testcase classname="Login.grouping" name="signupbyemail" time="0.003"/>
  <testcase classname="Login.grouping" name="signupbyfacebook" time="0.002"/>
  <testcase classname="Login.grouping" name="signupbytwitter" time="0.010"/>
  <testcase classname="Login.grouping" name="paymentbytwitter" time="0.001"/>
</testsuite> <!-- Login.grouping -->
